<?xml version="1.0" encoding="UTF-8"?>
<testng-results ignored="0" total="0" passed="0" failed="0" skipped="0">
  <reporter-output>
    <line>
      <![CDATA[Test Case Failed]]>
    </line>
    <line>
      <![CDATA[Test Case Failed]]>
    </line>
    <line>
      <![CDATA[Test Case Failed]]>
    </line>
    <line>
      <![CDATA[Test Case Failed]]>
    </line>
    <line>
      <![CDATA[Test Case Failed]]>
    </line>
    <line>
      <![CDATA[Test Case Failed]]>
    </line>
  </reporter-output>
  <suite started-at="2025-07-31T22:42:21 IST" name="Suite" finished-at="2025-07-31T22:42:21 IST" duration-ms="0">
    <groups>
    </groups>
  </suite> <!-- Suite -->
</testng-results>
